<?xml version="1.0" encoding="UTF-8"?>
<testng-results ignored="0" total="1" passed="1" failed="0" skipped="0">
  <reporter-output>
  </reporter-output>
  <suite started-at="2022-06-16T18:47:03 IST" name="Default suite" finished-at="2022-06-16T18:47:26 IST" duration-ms="22692">
    <groups>
    </groups>
    <test started-at="2022-06-16T18:47:03 IST" name="Default test" finished-at="2022-06-16T18:47:26 IST" duration-ms="22692">
      <class name="TestCases.TestToTakeScreenshot">
        <test-method is-config="true" signature="StartTest()[pri:0, instance:TestCases.TestToTakeScreenshot@74751b3]" started-at="2022-06-16T18:47:03 IST" name="StartTest" finished-at="2022-06-16T18:47:26 IST" duration-ms="22241" status="PASS">
          <reporter-output>
          </reporter-output>
        </test-method> <!-- StartTest -->
        <test-method signature="FullPage()[pri:1, instance:TestCases.TestToTakeScreenshot@74751b3]" started-at="2022-06-16T18:47:26 IST" name="FullPage" finished-at="2022-06-16T18:47:26 IST" duration-ms="254" status="PASS">
          <reporter-output>
          </reporter-output>
        </test-method> <!-- FullPage -->
        <test-method is-config="true" signature="StopTest()[pri:0, instance:TestCases.TestToTakeScreenshot@74751b3]" started-at="2022-06-16T18:47:26 IST" name="StopTest" finished-at="2022-06-16T18:47:26 IST" duration-ms="147" status="PASS">
          <reporter-output>
          </reporter-output>
        </test-method> <!-- StopTest -->
      </class> <!-- TestCases.TestToTakeScreenshot -->
    </test> <!-- Default test -->
  </suite> <!-- Default suite -->
</testng-results>
